0 info it worked if it ends with ok
1 verbose cli [ '/home/vignesh/.nvm/versions/node/v6.10.2/bin/node',
1 verbose cli   '/home/vignesh/.nvm/versions/node/v6.10.2/bin/npm',
1 verbose cli   'start' ]
2 info using npm@3.10.10
3 info using node@v6.10.2
4 verbose run-script [ 'prestart', 'start', 'poststart' ]
5 info lifecycle grad_project@1.0.0~prestart: grad_project@1.0.0
6 silly lifecycle grad_project@1.0.0~prestart: no script for prestart, continuing
7 info lifecycle grad_project@1.0.0~start: grad_project@1.0.0
8 verbose lifecycle grad_project@1.0.0~start: unsafe-perm in lifecycle true
9 verbose lifecycle grad_project@1.0.0~start: PATH: /home/vignesh/.nvm/versions/node/v6.10.2/lib/node_modules/npm/bin/node-gyp-bin:/home/vignesh/Documents/source/grad_project/node_modules/.bin:/home/vignesh/.nvm/versions/node/v6.10.2/bin:/home/vignesh/gopath:/home/vignesh/gopath/bin:/home/vignesh/gopath:/home/vignesh/gopath/bin:/home/vignesh/.rvm/gems/ruby-2.4.0/bin:/home/vignesh/.rvm/gems/ruby-2.4.0@global/bin:/home/vignesh/.rvm/rubies/ruby-2.4.0/bin:/usr/local/sbin:/usr/local/bin:/usr/sbin:/usr/bin:/sbin:/bin:/usr/games:/usr/local/games::/snap/bin:/usr/lib/jvm/java-8-oracle/bin:/usr/lib/jvm/java-8-oracle/db/bin:/usr/lib/jvm/java-8-oracle/jre/bin:/home/vignesh/bin:/usr/local/java/jdk1.8.0_25/bin:/home/vignesh/.rvm/bin:/usr/lib/jvm/java-8-oracle/bin:/usr/lib/jvm/java-8-oracle/db/bin:/usr/lib/jvm/java-8-oracle/jre/bin:/home/vignesh/bin:/usr/local/java/jdk1.8.0_25/bin:/home/vignesh/.rvm/bin:/usr/local/idea/bin:/home/vignesh/.rvm/bin:/home/vignesh/.rvm/bin:/usr/local/idea/bin
10 verbose lifecycle grad_project@1.0.0~start: CWD: /home/vignesh/Documents/source/grad_project
11 silly lifecycle grad_project@1.0.0~start: Args: [ '-c', 'bin/www' ]
12 silly lifecycle grad_project@1.0.0~start: Returned: code: 1  signal: null
13 info lifecycle grad_project@1.0.0~start: Failed to exec start script
14 verbose stack Error: grad_project@1.0.0 start: `bin/www`
14 verbose stack Exit status 1
14 verbose stack     at EventEmitter.<anonymous> (/home/vignesh/.nvm/versions/node/v6.10.2/lib/node_modules/npm/lib/utils/lifecycle.js:255:16)
14 verbose stack     at emitTwo (events.js:106:13)
14 verbose stack     at EventEmitter.emit (events.js:191:7)
14 verbose stack     at ChildProcess.<anonymous> (/home/vignesh/.nvm/versions/node/v6.10.2/lib/node_modules/npm/lib/utils/spawn.js:40:14)
14 verbose stack     at emitTwo (events.js:106:13)
14 verbose stack     at ChildProcess.emit (events.js:191:7)
14 verbose stack     at maybeClose (internal/child_process.js:886:16)
14 verbose stack     at Process.ChildProcess._handle.onexit (internal/child_process.js:226:5)
15 verbose pkgid grad_project@1.0.0
16 verbose cwd /home/vignesh/Documents/source/grad_project
17 error Linux 4.13.0-16-generic
18 error argv "/home/vignesh/.nvm/versions/node/v6.10.2/bin/node" "/home/vignesh/.nvm/versions/node/v6.10.2/bin/npm" "start"
19 error node v6.10.2
20 error npm  v3.10.10
21 error code ELIFECYCLE
22 error grad_project@1.0.0 start: `bin/www`
22 error Exit status 1
23 error Failed at the grad_project@1.0.0 start script 'bin/www'.
23 error Make sure you have the latest version of node.js and npm installed.
23 error If you do, this is most likely a problem with the grad_project package,
23 error not with npm itself.
23 error Tell the author that this fails on your system:
23 error     bin/www
23 error You can get information on how to open an issue for this project with:
23 error     npm bugs grad_project
23 error Or if that isn't available, you can get their info via:
23 error     npm owner ls grad_project
23 error There is likely additional logging output above.
24 verbose exit [ 1, true ]
